2020-08-19 17:59:44,127 [][3400][C411T15][cb2222ca-2bae-49ab-bee0-dbe5ad62ac54][WARN] - MOCK: LPSIncidentReceiver_V2 mock is on, not actually calling service
2020-08-19 18:00:58,985 [][3400][C411T15][4340c180-51eb-44c6-9c33-66f6a591cdfc][ERROR] - Service threw exception
2020-08-19 18:00:58,985 [][3400][C411T15][4340c180-51eb-44c6-9c33-66f6a591cdfc][ERROR] - Service threw exception
java.lang.ArrayIndexOutOfBoundsException: Index 1 out of bounds for length 1
        at com.evry.fs.lending.wscommon.common.oidc.OIDCTokenHelper.stripSignatureFromToken(OIDCTokenHelper.java:76)
        at com.evry.fs.lending.wscommon.common.oidc.OIDCTokenHelper.parseOIDC(OIDCTokenHelper.java:51)
        at com.evry.fs.lending.wscommon.common.authentication.LendingWSCommonAuthenticator.authenticateWithRealSO(LendingWSCommonAuthenticator.java:108)
        at com.evry.fs.lending.wscommon.common.authentication.LendingWSCommonAuthenticator.authenticate(LendingWSCommonAuthenticator.java:69)
        at com.evry.fs.lending.wscommon.restesb.eam.LendingWSCommonRESTAuthenticationFilter.filter(LendingWSCommonRESTAuthenticationFilter.java:65)
        at org.apache.cxf.jaxrs.utils.JAXRSUtils.runContainerRequestFilters(JAXRSUtils.java:1739)
        at org.apache.cxf.jaxrs.interceptor.JAXRSInInterceptor.processRequest(JAXRSInInterceptor.java:205)
        at org.apache.cxf.jaxrs.interceptor.JAXRSInInterceptor.handleMessage(JAXRSInInterceptor.java:78)
        at org.apache.cxf.phase.PhaseInterceptorChain.doIntercept(PhaseInterceptorChain.java:308)
        at org.apache.cxf.transport.ChainInitiationObserver.onMessage(ChainInitiationObserver.java:121)
        at org.apache.cxf.transport.http.AbstractHTTPDestination.invoke(AbstractHTTPDestination.java:267)
        at org.apache.cxf.transport.servlet.ServletController.invokeDestination(ServletController.java:234)
        at org.apache.cxf.transport.servlet.ServletController.invoke(ServletController.java:208)
        at org.apache.cxf.transport.servlet.ServletController.invoke(ServletController.java:160)
        at org.apache.cxf.transport.servlet.CXFNonSpringServlet.invoke(CXFNonSpringServlet.java:225)
        at org.apache.cxf.transport.servlet.AbstractHTTPServlet.handleRequest(AbstractHTTPServlet.java:301)
        at org.apache.cxf.transport.servlet.AbstractHTTPServlet.doGet(AbstractHTTPServlet.java:225)
        at javax.servlet.http.HttpServlet.service(HttpServlet.java:497)
        at org.apache.cxf.transport.servlet.AbstractHTTPServlet.service(AbstractHTTPServlet.java:276)
        at org.eclipse.jetty.servlet.ServletHolder.handle(ServletHolder.java:763)
        at org.eclipse.jetty.servlet.ServletHandler$CachedChain.doFilter(ServletHandler.java:1631)
        at org.eclipse.jetty.websocket.server.WebSocketUpgradeFilter.doFilter(WebSocketUpgradeFilter.java:226)
        at org.eclipse.jetty.servlet.ServletHandler$CachedChain.doFilter(ServletHandler.java:1618)
        at ch.qos.logback.classic.helpers.MDCInsertingServletFilter.doFilter(MDCInsertingServletFilter.java:49)
        at org.eclipse.jetty.servlet.ServletHandler$CachedChain.doFilter(ServletHandler.java:1618)
        at org.springframework.web.filter.RequestContextFilter.doFilterInternal(RequestContextFilter.java:100)
        at org.springframework.web.filter.OncePerRequestFilter.doFilter(OncePerRequestFilter.java:119)
        at org.eclipse.jetty.servlet.ServletHandler$CachedChain.doFilter(ServletHandler.java:1618)
        at org.springframework.web.filter.FormContentFilter.doFilterInternal(FormContentFilter.java:93)
        at org.springframework.web.filter.OncePerRequestFilter.doFilter(OncePerRequestFilter.java:119)
        at org.eclipse.jetty.servlet.ServletHandler$CachedChain.doFilter(ServletHandler.java:1618)
        at org.springframework.boot.actuate.metrics.web.servlet.WebMvcMetricsFilter.doFilterInternal(WebMvcMetricsFilter.java:109)
        at org.springframework.web.filter.OncePerRequestFilter.doFilter(OncePerRequestFilter.java:119)
        at org.eclipse.jetty.servlet.ServletHandler$CachedChain.doFilter(ServletHandler.java:1618)
        at org.springframework.web.filter.CharacterEncodingFilter.doFilterInternal(CharacterEncodingFilter.java:201)
        at org.springframework.web.filter.OncePerRequestFilter.doFilter(OncePerRequestFilter.java:119)
        at org.eclipse.jetty.servlet.ServletHandler$CachedChain.doFilter(ServletHandler.java:1618)
        at org.eclipse.jetty.servlet.ServletHandler.doHandle(ServletHandler.java:549)
        at org.eclipse.jetty.server.handler.ScopedHandler.handle(ScopedHandler.java:143)
        at org.eclipse.jetty.security.SecurityHandler.handle(SecurityHandler.java:602)
        at org.eclipse.jetty.server.handler.HandlerWrapper.handle(HandlerWrapper.java:127)
        at org.eclipse.jetty.server.handler.ScopedHandler.nextHandle(ScopedHandler.java:235)
        at org.eclipse.jetty.server.session.SessionHandler.doHandle(SessionHandler.java:1610)
        at org.eclipse.jetty.server.handler.ScopedHandler.nextHandle(ScopedHandler.java:233)
        at org.eclipse.jetty.server.handler.ContextHandler.doHandle(ContextHandler.java:1369)
        at org.eclipse.jetty.server.handler.ScopedHandler.nextScope(ScopedHandler.java:188)
        at org.eclipse.jetty.servlet.ServletHandler.doScope(ServletHandler.java:489)
        at org.eclipse.jetty.server.session.SessionHandler.doScope(SessionHandler.java:1580)
        at org.eclipse.jetty.server.handler.ScopedHandler.nextScope(ScopedHandler.java:186)
        at org.eclipse.jetty.server.handler.ContextHandler.doScope(ContextHandler.java:1284)
        at org.eclipse.jetty.server.handler.ScopedHandler.handle(ScopedHandler.java:141)
        at org.eclipse.jetty.server.handler.HandlerWrapper.handle(HandlerWrapper.java:127)
        at org.eclipse.jetty.server.Server.handle(Server.java:501)
        at org.eclipse.jetty.server.HttpChannel.lambda$handle$1(HttpChannel.java:383)
        at org.eclipse.jetty.server.HttpChannel.dispatch(HttpChannel.java:556)
        at org.eclipse.jetty.server.HttpChannel.handle(HttpChannel.java:375)
        at org.eclipse.jetty.server.HttpConnection.onFillable(HttpConnection.java:272)
        at org.eclipse.jetty.io.AbstractConnection$ReadCallback.succeeded(AbstractConnection.java:311)
        at org.eclipse.jetty.io.FillInterest.fillable(FillInterest.java:103)
        at org.eclipse.jetty.io.ChannelEndPoint$1.run(ChannelEndPoint.java:104)
        at org.eclipse.jetty.util.thread.strategy.EatWhatYouKill.runTask(EatWhatYouKill.java:336)
        at org.eclipse.jetty.util.thread.strategy.EatWhatYouKill.doProduce(EatWhatYouKill.java:313)
        at org.eclipse.jetty.util.thread.strategy.EatWhatYouKill.tryProduce(EatWhatYouKill.java:171)
        at org.eclipse.jetty.util.thread.strategy.EatWhatYouKill.run(EatWhatYouKill.java:129)
        at org.eclipse.jetty.util.thread.ReservedThreadExecutor$ReservedThread.run(ReservedThreadExecutor.java:375)
        at org.eclipse.jetty.util.thread.QueuedThreadPool.runJob(QueuedThreadPool.java:806)
        at org.eclipse.jetty.util.thread.QueuedThreadPool$Runner.run(QueuedThreadPool.java:938)
        at java.base/java.lang.Thread.run(Thread.java:834)
2020-08-19 18:00:58,986 [][3400][C411T15][4340c180-51eb-44c6-9c33-66f6a591cdfc][ERROR] - Service threw exception
2020-08-19 18:00:58,986 [][3400][C411T15][4340c180-51eb-44c6-9c33-66f6a591cdfc][ERROR] - Service threw exception
java.lang.ArrayIndexOutOfBoundsException: Index 1 out of bounds for length 1
        at com.evry.fs.lending.wscommon.common.oidc.OIDCTokenHelper.stripSignatureFromToken(OIDCTokenHelper.java:76)
        at com.evry.fs.lending.wscommon.common.oidc.OIDCTokenHelper.parseOIDC(OIDCTokenHelper.java:51)
        at com.evry.fs.lending.wscommon.common.authentication.LendingWSCommonAuthenticator.authenticateWithRealSO(LendingWSCommonAuthenticator.java:108)
        at com.evry.fs.lending.wscommon.common.authentication.LendingWSCommonAuthenticator.authenticate(LendingWSCommonAuthenticator.java:69)
        at com.evry.fs.lending.wscommon.restesb.eam.LendingWSCommonRESTAuthenticationFilter.filter(LendingWSCommonRESTAuthenticationFilter.java:65)
        at org.apache.cxf.jaxrs.utils.JAXRSUtils.runContainerRequestFilters(JAXRSUtils.java:1739)
        at org.apache.cxf.jaxrs.interceptor.JAXRSInInterceptor.processRequest(JAXRSInInterceptor.java:205)
        at org.apache.cxf.jaxrs.interceptor.JAXRSInInterceptor.handleMessage(JAXRSInInterceptor.java:78)
        at org.apache.cxf.phase.PhaseInterceptorChain.doIntercept(PhaseInterceptorChain.java:308)
        at org.apache.cxf.transport.ChainInitiationObserver.onMessage(ChainInitiationObserver.java:121)
        at org.apache.cxf.transport.http.AbstractHTTPDestination.invoke(AbstractHTTPDestination.java:267)
        at org.apache.cxf.transport.servlet.ServletController.invokeDestination(ServletController.java:234)
        at org.apache.cxf.transport.servlet.ServletController.invoke(ServletController.java:208)
        at org.apache.cxf.transport.servlet.ServletController.invoke(ServletController.java:160)
        at org.apache.cxf.transport.servlet.CXFNonSpringServlet.invoke(CXFNonSpringServlet.java:225)
        at org.apache.cxf.transport.servlet.AbstractHTTPServlet.handleRequest(AbstractHTTPServlet.java:301)
        at org.apache.cxf.transport.servlet.AbstractHTTPServlet.doGet(AbstractHTTPServlet.java:225)
        at javax.servlet.http.HttpServlet.service(HttpServlet.java:497)
        at org.apache.cxf.transport.servlet.AbstractHTTPServlet.service(AbstractHTTPServlet.java:276)
        at org.eclipse.jetty.servlet.ServletHolder.handle(ServletHolder.java:763)
        at org.eclipse.jetty.servlet.ServletHandler$CachedChain.doFilter(ServletHandler.java:1631)
        at org.eclipse.jetty.websocket.server.WebSocketUpgradeFilter.doFilter(WebSocketUpgradeFilter.java:226)
        at org.eclipse.jetty.servlet.ServletHandler$CachedChain.doFilter(ServletHandler.java:1618)
        at ch.qos.logback.classic.helpers.MDCInsertingServletFilter.doFilter(MDCInsertingServletFilter.java:49)
        at org.eclipse.jetty.servlet.ServletHandler$CachedChain.doFilter(ServletHandler.java:1618)
        at org.springframework.web.filter.RequestContextFilter.doFilterInternal(RequestContextFilter.java:100)
        at org.springframework.web.filter.OncePerRequestFilter.doFilter(OncePerRequestFilter.java:119)
        at org.eclipse.jetty.servlet.ServletHandler$CachedChain.doFilter(ServletHandler.java:1618)
        at org.springframework.web.filter.FormContentFilter.doFilterInternal(FormContentFilter.java:93)
        at org.springframework.web.filter.OncePerRequestFilter.doFilter(OncePerRequestFilter.java:119)
        at org.eclipse.jetty.servlet.ServletHandler$CachedChain.doFilter(ServletHandler.java:1618)
        at org.springframework.boot.actuate.metrics.web.servlet.WebMvcMetricsFilter.doFilterInternal(WebMvcMetricsFilter.java:109)
        at org.springframework.web.filter.OncePerRequestFilter.doFilter(OncePerRequestFilter.java:119)
        at org.eclipse.jetty.servlet.ServletHandler$CachedChain.doFilter(ServletHandler.java:1618)
        at org.springframework.web.filter.CharacterEncodingFilter.doFilterInternal(CharacterEncodingFilter.java:201)
        at org.springframework.web.filter.OncePerRequestFilter.doFilter(OncePerRequestFilter.java:119)
        at org.eclipse.jetty.servlet.ServletHandler$CachedChain.doFilter(ServletHandler.java:1618)
        at org.eclipse.jetty.servlet.ServletHandler.doHandle(ServletHandler.java:549)
        at org.eclipse.jetty.server.handler.ScopedHandler.handle(ScopedHandler.java:143)
        at org.eclipse.jetty.security.SecurityHandler.handle(SecurityHandler.java:602)
        at org.eclipse.jetty.server.handler.HandlerWrapper.handle(HandlerWrapper.java:127)
        at org.eclipse.jetty.server.handler.ScopedHandler.nextHandle(ScopedHandler.java:235)
        at org.eclipse.jetty.server.session.SessionHandler.doHandle(SessionHandler.java:1610)
        at org.eclipse.jetty.server.handler.ScopedHandler.nextHandle(ScopedHandler.java:233)
        at org.eclipse.jetty.server.handler.ContextHandler.doHandle(ContextHandler.java:1369)
        at org.eclipse.jetty.server.handler.ScopedHandler.nextScope(ScopedHandler.java:188)
        at org.eclipse.jetty.servlet.ServletHandler.doScope(ServletHandler.java:489)
        at org.eclipse.jetty.server.session.SessionHandler.doScope(SessionHandler.java:1580)
        at org.eclipse.jetty.server.handler.ScopedHandler.nextScope(ScopedHandler.java:186)
        at org.eclipse.jetty.server.handler.ContextHandler.doScope(ContextHandler.java:1284)
        at org.eclipse.jetty.server.handler.ScopedHandler.handle(ScopedHandler.java:141)
        at org.eclipse.jetty.server.handler.HandlerWrapper.handle(HandlerWrapper.java:127)
        at org.eclipse.jetty.server.Server.handle(Server.java:501)
        at org.eclipse.jetty.server.HttpChannel.lambda$handle$1(HttpChannel.java:383)
        at org.eclipse.jetty.server.HttpChannel.dispatch(HttpChannel.java:556)
        at org.eclipse.jetty.server.HttpChannel.handle(HttpChannel.java:375)
        at org.eclipse.jetty.server.HttpConnection.onFillable(HttpConnection.java:272)
        at org.eclipse.jetty.io.AbstractConnection$ReadCallback.succeeded(AbstractConnection.java:311)
        at org.eclipse.jetty.io.FillInterest.fillable(FillInterest.java:103)
        at org.eclipse.jetty.io.ChannelEndPoint$1.run(ChannelEndPoint.java:104)
        at org.eclipse.jetty.util.thread.strategy.EatWhatYouKill.runTask(EatWhatYouKill.java:336)
        at org.eclipse.jetty.util.thread.strategy.EatWhatYouKill.doProduce(EatWhatYouKill.java:313)
        at org.eclipse.jetty.util.thread.strategy.EatWhatYouKill.tryProduce(EatWhatYouKill.java:171)
        at org.eclipse.jetty.util.thread.strategy.EatWhatYouKill.run(EatWhatYouKill.java:129)
        at org.eclipse.jetty.util.thread.ReservedThreadExecutor$ReservedThread.run(ReservedThreadExecutor.java:375)
        at org.eclipse.jetty.util.thread.QueuedThreadPool.runJob(QueuedThreadPool.java:806)
        at org.eclipse.jetty.util.thread.QueuedThreadPool$Runner.run(QueuedThreadPool.java:938)
        at java.base/java.lang.Thread.run(Thread.java:834)
2020-08-19 18:00:58,998 [][3400][C411T15][4340c180-51eb-44c6-9c33-66f6a591cdfc][WARN] - Unable to find configuration: com.evry.fs.lending.ecp.incidentreceiver.ws.client.LPSIncidentReceiverV2ClientConfiguration
2020-08-19 18:00:58,999 [][3400][C411T15][4340c180-51eb-44c6-9c33-66f6a591cdfc][WARN] - MOCK: LPSIncidentReceiver_V2 mock is on, not actually calling service
2020-08-19 18:01:09,970 [][3400][C411T15][436a287d-aadd-4d6d-85f8-3051f9d8db2e][ERROR] - Service threw exception
2020-08-19 18:01:09,971 [][3400][C411T15][436a287d-aadd-4d6d-85f8-3051f9d8db2e][ERROR] - Service threw exception
java.lang.ArrayIndexOutOfBoundsException: Index 1 out of bounds for length 1
        at com.evry.fs.lending.wscommon.common.oidc.OIDCTokenHelper.stripSignatureFromToken(OIDCTokenHelper.java:76)
        at com.evry.fs.lending.wscommon.common.oidc.OIDCTokenHelper.parseOIDC(OIDCTokenHelper.java:51)
        at com.evry.fs.lending.wscommon.common.authentication.LendingWSCommonAuthenticator.authenticateWithRealSO(LendingWSCommonAuthenticator.java:108)
        at com.evry.fs.lending.wscommon.common.authentication.LendingWSCommonAuthenticator.authenticate(LendingWSCommonAuthenticator.java:69)
        at com.evry.fs.lending.wscommon.restesb.eam.LendingWSCommonRESTAuthenticationFilter.filter(LendingWSCommonRESTAuthenticationFilter.java:65)
        at org.apache.cxf.jaxrs.utils.JAXRSUtils.runContainerRequestFilters(JAXRSUtils.java:1739)
        at org.apache.cxf.jaxrs.interceptor.JAXRSInInterceptor.processRequest(JAXRSInInterceptor.java:205)
        at org.apache.cxf.jaxrs.interceptor.JAXRSInInterceptor.handleMessage(JAXRSInInterceptor.java:78)
        at org.apache.cxf.phase.PhaseInterceptorChain.doIntercept(PhaseInterceptorChain.java:308)
        at org.apache.cxf.transport.ChainInitiationObserver.onMessage(ChainInitiationObserver.java:121)
        at org.apache.cxf.transport.http.AbstractHTTPDestination.invoke(AbstractHTTPDestination.java:267)
        at org.apache.cxf.transport.servlet.ServletController.invokeDestination(ServletController.java:234)
        at org.apache.cxf.transport.servlet.ServletController.invoke(ServletController.java:208)
        at org.apache.cxf.transport.servlet.ServletController.invoke(ServletController.java:160)
        at org.apache.cxf.transport.servlet.CXFNonSpringServlet.invoke(CXFNonSpringServlet.java:225)
        at org.apache.cxf.transport.servlet.AbstractHTTPServlet.handleRequest(AbstractHTTPServlet.java:301)
        at org.apache.cxf.transport.servlet.AbstractHTTPServlet.doGet(AbstractHTTPServlet.java:225)
        at javax.servlet.http.HttpServlet.service(HttpServlet.java:497)
        at org.apache.cxf.transport.servlet.AbstractHTTPServlet.service(AbstractHTTPServlet.java:276)
        at org.eclipse.jetty.servlet.ServletHolder.handle(ServletHolder.java:763)
        at org.eclipse.jetty.servlet.ServletHandler$CachedChain.doFilter(ServletHandler.java:1631)
        at org.eclipse.jetty.websocket.server.WebSocketUpgradeFilter.doFilter(WebSocketUpgradeFilter.java:226)
        at org.eclipse.jetty.servlet.ServletHandler$CachedChain.doFilter(ServletHandler.java:1618)
        at ch.qos.logback.classic.helpers.MDCInsertingServletFilter.doFilter(MDCInsertingServletFilter.java:49)
        at org.eclipse.jetty.servlet.ServletHandler$CachedChain.doFilter(ServletHandler.java:1618)
        at org.springframework.web.filter.RequestContextFilter.doFilterInternal(RequestContextFilter.java:100)
        at org.springframework.web.filter.OncePerRequestFilter.doFilter(OncePerRequestFilter.java:119)
        at org.eclipse.jetty.servlet.ServletHandler$CachedChain.doFilter(ServletHandler.java:1618)
        at org.springframework.web.filter.FormContentFilter.doFilterInternal(FormContentFilter.java:93)
        at org.springframework.web.filter.OncePerRequestFilter.doFilter(OncePerRequestFilter.java:119)
        at org.eclipse.jetty.servlet.ServletHandler$CachedChain.doFilter(ServletHandler.java:1618)
        at org.springframework.boot.actuate.metrics.web.servlet.WebMvcMetricsFilter.doFilterInternal(WebMvcMetricsFilter.java:109)
        at org.springframework.web.filter.OncePerRequestFilter.doFilter(OncePerRequestFilter.java:119)
        at org.eclipse.jetty.servlet.ServletHandler$CachedChain.doFilter(ServletHandler.java:1618)
        at org.springframework.web.filter.CharacterEncodingFilter.doFilterInternal(CharacterEncodingFilter.java:201)
        at org.springframework.web.filter.OncePerRequestFilter.doFilter(OncePerRequestFilter.java:119)
        at org.eclipse.jetty.servlet.ServletHandler$CachedChain.doFilter(ServletHandler.java:1618)
        at org.eclipse.jetty.servlet.ServletHandler.doHandle(ServletHandler.java:549)
        at org.eclipse.jetty.server.handler.ScopedHandler.handle(ScopedHandler.java:143)
        at org.eclipse.jetty.security.SecurityHandler.handle(SecurityHandler.java:602)
        at org.eclipse.jetty.server.handler.HandlerWrapper.handle(HandlerWrapper.java:127)
        at org.eclipse.jetty.server.handler.ScopedHandler.nextHandle(ScopedHandler.java:235)
        at org.eclipse.jetty.server.session.SessionHandler.doHandle(SessionHandler.java:1610)
        at org.eclipse.jetty.server.handler.ScopedHandler.nextHandle(ScopedHandler.java:233)
        at org.eclipse.jetty.server.handler.ContextHandler.doHandle(ContextHandler.java:1369)
        at org.eclipse.jetty.server.handler.ScopedHandler.nextScope(ScopedHandler.java:188)
        at org.eclipse.jetty.servlet.ServletHandler.doScope(ServletHandler.java:489)
        at org.eclipse.jetty.server.session.SessionHandler.doScope(SessionHandler.java:1580)
        at org.eclipse.jetty.server.handler.ScopedHandler.nextScope(ScopedHandler.java:186)
        at org.eclipse.jetty.server.handler.ContextHandler.doScope(ContextHandler.java:1284)
        at org.eclipse.jetty.server.handler.ScopedHandler.handle(ScopedHandler.java:141)
        at org.eclipse.jetty.server.handler.HandlerWrapper.handle(HandlerWrapper.java:127)
        at org.eclipse.jetty.server.Server.handle(Server.java:501)
        at org.eclipse.jetty.server.HttpChannel.lambda$handle$1(HttpChannel.java:383)
        at org.eclipse.jetty.server.HttpChannel.dispatch(HttpChannel.java:556)
        at org.eclipse.jetty.server.HttpChannel.handle(HttpChannel.java:375)
        at org.eclipse.jetty.server.HttpConnection.onFillable(HttpConnection.java:272)
        at org.eclipse.jetty.io.AbstractConnection$ReadCallback.succeeded(AbstractConnection.java:311)
        at org.eclipse.jetty.io.FillInterest.fillable(FillInterest.java:103)
        at org.eclipse.jetty.io.ChannelEndPoint$1.run(ChannelEndPoint.java:104)
        at org.eclipse.jetty.util.thread.strategy.EatWhatYouKill.runTask(EatWhatYouKill.java:336)
        at org.eclipse.jetty.util.thread.strategy.EatWhatYouKill.doProduce(EatWhatYouKill.java:313)
        at org.eclipse.jetty.util.thread.strategy.EatWhatYouKill.tryProduce(EatWhatYouKill.java:171)
        at org.eclipse.jetty.util.thread.strategy.EatWhatYouKill.run(EatWhatYouKill.java:129)
        at org.eclipse.jetty.util.thread.ReservedThreadExecutor$ReservedThread.run(ReservedThreadExecutor.java:375)
        at org.eclipse.jetty.util.thread.QueuedThreadPool.runJob(QueuedThreadPool.java:806)
        at org.eclipse.jetty.util.thread.QueuedThreadPool$Runner.run(QueuedThreadPool.java:938)
        at java.base/java.lang.Thread.run(Thread.java:834)
2020-08-19 18:01:09,971 [][3400][C411T15][436a287d-aadd-4d6d-85f8-3051f9d8db2e][ERROR] - Service threw exception
2020-08-19 18:01:09,971 [][3400][C411T15][436a287d-aadd-4d6d-85f8-3051f9d8db2e][ERROR] - Service threw exception
java.lang.ArrayIndexOutOfBoundsException: Index 1 out of bounds for length 1
        at com.evry.fs.lending.wscommon.common.oidc.OIDCTokenHelper.stripSignatureFromToken(OIDCTokenHelper.java:76)
        at com.evry.fs.lending.wscommon.common.oidc.OIDCTokenHelper.parseOIDC(OIDCTokenHelper.java:51)
        at com.evry.fs.lending.wscommon.common.authentication.LendingWSCommonAuthenticator.authenticateWithRealSO(LendingWSCommonAuthenticator.java:108)
        at com.evry.fs.lending.wscommon.common.authentication.LendingWSCommonAuthenticator.authenticate(LendingWSCommonAuthenticator.java:69)
        at com.evry.fs.lending.wscommon.restesb.eam.LendingWSCommonRESTAuthenticationFilter.filter(LendingWSCommonRESTAuthenticationFilter.java:65)
        at org.apache.cxf.jaxrs.utils.JAXRSUtils.runContainerRequestFilters(JAXRSUtils.java:1739)
        at org.apache.cxf.jaxrs.interceptor.JAXRSInInterceptor.processRequest(JAXRSInInterceptor.java:205)
        at org.apache.cxf.jaxrs.interceptor.JAXRSInInterceptor.handleMessage(JAXRSInInterceptor.java:78)
        at org.apache.cxf.phase.PhaseInterceptorChain.doIntercept(PhaseInterceptorChain.java:308)
        at org.apache.cxf.transport.ChainInitiationObserver.onMessage(ChainInitiationObserver.java:121)
        at org.apache.cxf.transport.http.AbstractHTTPDestination.invoke(AbstractHTTPDestination.java:267)
        at org.apache.cxf.transport.servlet.ServletController.invokeDestination(ServletController.java:234)
        at org.apache.cxf.transport.servlet.ServletController.invoke(ServletController.java:208)
        at org.apache.cxf.transport.servlet.ServletController.invoke(ServletController.java:160)
        at org.apache.cxf.transport.servlet.CXFNonSpringServlet.invoke(CXFNonSpringServlet.java:225)
        at org.apache.cxf.transport.servlet.AbstractHTTPServlet.handleRequest(AbstractHTTPServlet.java:301)
        at org.apache.cxf.transport.servlet.AbstractHTTPServlet.doGet(AbstractHTTPServlet.java:225)
        at javax.servlet.http.HttpServlet.service(HttpServlet.java:497)
        at org.apache.cxf.transport.servlet.AbstractHTTPServlet.service(AbstractHTTPServlet.java:276)
        at org.eclipse.jetty.servlet.ServletHolder.handle(ServletHolder.java:763)
        at org.eclipse.jetty.servlet.ServletHandler$CachedChain.doFilter(ServletHandler.java:1631)
        at org.eclipse.jetty.websocket.server.WebSocketUpgradeFilter.doFilter(WebSocketUpgradeFilter.java:226)
        at org.eclipse.jetty.servlet.ServletHandler$CachedChain.doFilter(ServletHandler.java:1618)
        at ch.qos.logback.classic.helpers.MDCInsertingServletFilter.doFilter(MDCInsertingServletFilter.java:49)
        at org.eclipse.jetty.servlet.ServletHandler$CachedChain.doFilter(ServletHandler.java:1618)
        at org.springframework.web.filter.RequestContextFilter.doFilterInternal(RequestContextFilter.java:100)
        at org.springframework.web.filter.OncePerRequestFilter.doFilter(OncePerRequestFilter.java:119)
        at org.eclipse.jetty.servlet.ServletHandler$CachedChain.doFilter(ServletHandler.java:1618)
        at org.springframework.web.filter.FormContentFilter.doFilterInternal(FormContentFilter.java:93)
        at org.springframework.web.filter.OncePerRequestFilter.doFilter(OncePerRequestFilter.java:119)
        at org.eclipse.jetty.servlet.ServletHandler$CachedChain.doFilter(ServletHandler.java:1618)
        at org.springframework.boot.actuate.metrics.web.servlet.WebMvcMetricsFilter.doFilterInternal(WebMvcMetricsFilter.java:109)
        at org.springframework.web.filter.OncePerRequestFilter.doFilter(OncePerRequestFilter.java:119)
        at org.eclipse.jetty.servlet.ServletHandler$CachedChain.doFilter(ServletHandler.java:1618)
        at org.springframework.web.filter.CharacterEncodingFilter.doFilterInternal(CharacterEncodingFilter.java:201)
        at org.springframework.web.filter.OncePerRequestFilter.doFilter(OncePerRequestFilter.java:119)
        at org.eclipse.jetty.servlet.ServletHandler$CachedChain.doFilter(ServletHandler.java:1618)
        at org.eclipse.jetty.servlet.ServletHandler.doHandle(ServletHandler.java:549)
        at org.eclipse.jetty.server.handler.ScopedHandler.handle(ScopedHandler.java:143)
        at org.eclipse.jetty.security.SecurityHandler.handle(SecurityHandler.java:602)
        at org.eclipse.jetty.server.handler.HandlerWrapper.handle(HandlerWrapper.java:127)
        at org.eclipse.jetty.server.handler.ScopedHandler.nextHandle(ScopedHandler.java:235)
        at org.eclipse.jetty.server.session.SessionHandler.doHandle(SessionHandler.java:1610)
        at org.eclipse.jetty.server.handler.ScopedHandler.nextHandle(ScopedHandler.java:233)
        at org.eclipse.jetty.server.handler.ContextHandler.doHandle(ContextHandler.java:1369)
        at org.eclipse.jetty.server.handler.ScopedHandler.nextScope(ScopedHandler.java:188)
        at org.eclipse.jetty.servlet.ServletHandler.doScope(ServletHandler.java:489)
        at org.eclipse.jetty.server.session.SessionHandler.doScope(SessionHandler.java:1580)
        at org.eclipse.jetty.server.handler.ScopedHandler.nextScope(ScopedHandler.java:186)
        at org.eclipse.jetty.server.handler.ContextHandler.doScope(ContextHandler.java:1284)
        at org.eclipse.jetty.server.handler.ScopedHandler.handle(ScopedHandler.java:141)
        at org.eclipse.jetty.server.handler.HandlerWrapper.handle(HandlerWrapper.java:127)
        at org.eclipse.jetty.server.Server.handle(Server.java:501)
        at org.eclipse.jetty.server.HttpChannel.lambda$handle$1(HttpChannel.java:383)
        at org.eclipse.jetty.server.HttpChannel.dispatch(HttpChannel.java:556)
        at org.eclipse.jetty.server.HttpChannel.handle(HttpChannel.java:375)
        at org.eclipse.jetty.server.HttpConnection.onFillable(HttpConnection.java:272)
        at org.eclipse.jetty.io.AbstractConnection$ReadCallback.succeeded(AbstractConnection.java:311)
        at org.eclipse.jetty.io.FillInterest.fillable(FillInterest.java:103)
        at org.eclipse.jetty.io.ChannelEndPoint$1.run(ChannelEndPoint.java:104)
        at org.eclipse.jetty.util.thread.strategy.EatWhatYouKill.runTask(EatWhatYouKill.java:336)
        at org.eclipse.jetty.util.thread.strategy.EatWhatYouKill.doProduce(EatWhatYouKill.java:313)
        at org.eclipse.jetty.util.thread.strategy.EatWhatYouKill.tryProduce(EatWhatYouKill.java:171)
        at org.eclipse.jetty.util.thread.strategy.EatWhatYouKill.run(EatWhatYouKill.java:129)
        at org.eclipse.jetty.util.thread.ReservedThreadExecutor$ReservedThread.run(ReservedThreadExecutor.java:375)
        at org.eclipse.jetty.util.thread.QueuedThreadPool.runJob(QueuedThreadPool.java:806)
        at org.eclipse.jetty.util.thread.QueuedThreadPool$Runner.run(QueuedThreadPool.java:938)
        at java.base/java.lang.Thread.run(Thread.java:834)
2020-08-19 18:01:09,972 [][3400][C411T15][436a287d-aadd-4d6d-85f8-3051f9d8db2e][WARN] - MOCK: LPSIncidentReceiver_V2 mock is on, not actually calling service
2020-08-19 18:01:30,620 [][3400][C411T15][1d317fef-9aa9-4e8b-b0fc-15a3efd5ce06][ERROR] - Service threw exception
2020-08-19 18:01:30,620 [][3400][C411T15][1d317fef-9aa9-4e8b-b0fc-15a3efd5ce06][ERROR] - Service threw exception
java.lang.ArrayIndexOutOfBoundsException: Index 1 out of bounds for length 1
        at com.evry.fs.lending.wscommon.common.oidc.OIDCTokenHelper.stripSignatureFromToken(OIDCTokenHelper.java:76)
        at com.evry.fs.lending.wscommon.common.oidc.OIDCTokenHelper.parseOIDC(OIDCTokenHelper.java:51)
        at com.evry.fs.lending.wscommon.common.authentication.LendingWSCommonAuthenticator.authenticateWithRealSO(LendingWSCommonAuthenticator.java:108)
        at com.evry.fs.lending.wscommon.common.authentication.LendingWSCommonAuthenticator.authenticate(LendingWSCommonAuthenticator.java:69)
        at com.evry.fs.lending.wscommon.restesb.eam.LendingWSCommonRESTAuthenticationFilter.filter(LendingWSCommonRESTAuthenticationFilter.java:65)
        at org.apache.cxf.jaxrs.utils.JAXRSUtils.runContainerRequestFilters(JAXRSUtils.java:1739)
        at org.apache.cxf.jaxrs.interceptor.JAXRSInInterceptor.processRequest(JAXRSInInterceptor.java:205)
        at org.apache.cxf.jaxrs.interceptor.JAXRSInInterceptor.handleMessage(JAXRSInInterceptor.java:78)
        at org.apache.cxf.phase.PhaseInterceptorChain.doIntercept(PhaseInterceptorChain.java:308)
        at org.apache.cxf.transport.ChainInitiationObserver.onMessage(ChainInitiationObserver.java:121)
        at org.apache.cxf.transport.http.AbstractHTTPDestination.invoke(AbstractHTTPDestination.java:267)
        at org.apache.cxf.transport.servlet.ServletController.invokeDestination(ServletController.java:234)
        at org.apache.cxf.transport.servlet.ServletController.invoke(ServletController.java:208)
        at org.apache.cxf.transport.servlet.ServletController.invoke(ServletController.java:160)
        at org.apache.cxf.transport.servlet.CXFNonSpringServlet.invoke(CXFNonSpringServlet.java:225)
        at org.apache.cxf.transport.servlet.AbstractHTTPServlet.handleRequest(AbstractHTTPServlet.java:301)
        at org.apache.cxf.transport.servlet.AbstractHTTPServlet.doGet(AbstractHTTPServlet.java:225)
        at javax.servlet.http.HttpServlet.service(HttpServlet.java:497)
        at org.apache.cxf.transport.servlet.AbstractHTTPServlet.service(AbstractHTTPServlet.java:276)
        at org.eclipse.jetty.servlet.ServletHolder.handle(ServletHolder.java:763)
        at org.eclipse.jetty.servlet.ServletHandler$CachedChain.doFilter(ServletHandler.java:1631)
        at org.eclipse.jetty.websocket.server.WebSocketUpgradeFilter.doFilter(WebSocketUpgradeFilter.java:226)
        at org.eclipse.jetty.servlet.ServletHandler$CachedChain.doFilter(ServletHandler.java:1618)
        at ch.qos.logback.classic.helpers.MDCInsertingServletFilter.doFilter(MDCInsertingServletFilter.java:49)
        at org.eclipse.jetty.servlet.ServletHandler$CachedChain.doFilter(ServletHandler.java:1618)
        at org.springframework.web.filter.RequestContextFilter.doFilterInternal(RequestContextFilter.java:100)
        at org.springframework.web.filter.OncePerRequestFilter.doFilter(OncePerRequestFilter.java:119)
        at org.eclipse.jetty.servlet.ServletHandler$CachedChain.doFilter(ServletHandler.java:1618)
        at org.springframework.web.filter.FormContentFilter.doFilterInternal(FormContentFilter.java:93)
        at org.springframework.web.filter.OncePerRequestFilter.doFilter(OncePerRequestFilter.java:119)
        at org.eclipse.jetty.servlet.ServletHandler$CachedChain.doFilter(ServletHandler.java:1618)
        at org.springframework.boot.actuate.metrics.web.servlet.WebMvcMetricsFilter.doFilterInternal(WebMvcMetricsFilter.java:109)
        at org.springframework.web.filter.OncePerRequestFilter.doFilter(OncePerRequestFilter.java:119)
        at org.eclipse.jetty.servlet.ServletHandler$CachedChain.doFilter(ServletHandler.java:1618)
        at org.springframework.web.filter.CharacterEncodingFilter.doFilterInternal(CharacterEncodingFilter.java:201)
        at org.springframework.web.filter.OncePerRequestFilter.doFilter(OncePerRequestFilter.java:119)
        at org.eclipse.jetty.servlet.ServletHandler$CachedChain.doFilter(ServletHandler.java:1618)
        at org.eclipse.jetty.servlet.ServletHandler.doHandle(ServletHandler.java:549)
        at org.eclipse.jetty.server.handler.ScopedHandler.handle(ScopedHandler.java:143)
        at org.eclipse.jetty.security.SecurityHandler.handle(SecurityHandler.java:602)
        at org.eclipse.jetty.server.handler.HandlerWrapper.handle(HandlerWrapper.java:127)
        at org.eclipse.jetty.server.handler.ScopedHandler.nextHandle(ScopedHandler.java:235)
        at org.eclipse.jetty.server.session.SessionHandler.doHandle(SessionHandler.java:1610)
        at org.eclipse.jetty.server.handler.ScopedHandler.nextHandle(ScopedHandler.java:233)
        at org.eclipse.jetty.server.handler.ContextHandler.doHandle(ContextHandler.java:1369)
        at org.eclipse.jetty.server.handler.ScopedHandler.nextScope(ScopedHandler.java:188)
        at org.eclipse.jetty.servlet.ServletHandler.doScope(ServletHandler.java:489)
        at org.eclipse.jetty.server.session.SessionHandler.doScope(SessionHandler.java:1580)
        at org.eclipse.jetty.server.handler.ScopedHandler.nextScope(ScopedHandler.java:186)
        at org.eclipse.jetty.server.handler.ContextHandler.doScope(ContextHandler.java:1284)
        at org.eclipse.jetty.server.handler.ScopedHandler.handle(ScopedHandler.java:141)
        at org.eclipse.jetty.server.handler.HandlerWrapper.handle(HandlerWrapper.java:127)
        at org.eclipse.jetty.server.Server.handle(Server.java:501)
        at org.eclipse.jetty.server.HttpChannel.lambda$handle$1(HttpChannel.java:383)
        at org.eclipse.jetty.server.HttpChannel.dispatch(HttpChannel.java:556)
        at org.eclipse.jetty.server.HttpChannel.handle(HttpChannel.java:375)
        at org.eclipse.jetty.server.HttpConnection.onFillable(HttpConnection.java:272)
        at org.eclipse.jetty.io.AbstractConnection$ReadCallback.succeeded(AbstractConnection.java:311)
        at org.eclipse.jetty.io.FillInterest.fillable(FillInterest.java:103)
        at org.eclipse.jetty.io.ChannelEndPoint$1.run(ChannelEndPoint.java:104)
        at org.eclipse.jetty.util.thread.strategy.EatWhatYouKill.runTask(EatWhatYouKill.java:336)
        at org.eclipse.jetty.util.thread.strategy.EatWhatYouKill.doProduce(EatWhatYouKill.java:313)
        at org.eclipse.jetty.util.thread.strategy.EatWhatYouKill.tryProduce(EatWhatYouKill.java:171)
        at org.eclipse.jetty.util.thread.strategy.EatWhatYouKill.run(EatWhatYouKill.java:129)
        at org.eclipse.jetty.util.thread.ReservedThreadExecutor$ReservedThread.run(ReservedThreadExecutor.java:375)
        at org.eclipse.jetty.util.thread.QueuedThreadPool.runJob(QueuedThreadPool.java:806)
        at org.eclipse.jetty.util.thread.QueuedThreadPool$Runner.run(QueuedThreadPool.java:938)
        at java.base/java.lang.Thread.run(Thread.java:834)
2020-08-19 18:01:30,621 [][3400][C411T15][1d317fef-9aa9-4e8b-b0fc-15a3efd5ce06][ERROR] - Service threw exception
2020-08-19 18:01:30,621 [][3400][C411T15][1d317fef-9aa9-4e8b-b0fc-15a3efd5ce06][ERROR] - Service threw exception
java.lang.ArrayIndexOutOfBoundsException: Index 1 out of bounds for length 1
        at com.evry.fs.lending.wscommon.common.oidc.OIDCTokenHelper.stripSignatureFromToken(OIDCTokenHelper.java:76)
        at com.evry.fs.lending.wscommon.common.oidc.OIDCTokenHelper.parseOIDC(OIDCTokenHelper.java:51)
        at com.evry.fs.lending.wscommon.common.authentication.LendingWSCommonAuthenticator.authenticateWithRealSO(LendingWSCommonAuthenticator.java:108)
        at com.evry.fs.lending.wscommon.common.authentication.LendingWSCommonAuthenticator.authenticate(LendingWSCommonAuthenticator.java:69)
        at com.evry.fs.lending.wscommon.restesb.eam.LendingWSCommonRESTAuthenticationFilter.filter(LendingWSCommonRESTAuthenticationFilter.java:65)
        at org.apache.cxf.jaxrs.utils.JAXRSUtils.runContainerRequestFilters(JAXRSUtils.java:1739)
        at org.apache.cxf.jaxrs.interceptor.JAXRSInInterceptor.processRequest(JAXRSInInterceptor.java:205)
        at org.apache.cxf.jaxrs.interceptor.JAXRSInInterceptor.handleMessage(JAXRSInInterceptor.java:78)
        at org.apache.cxf.phase.PhaseInterceptorChain.doIntercept(PhaseInterceptorChain.java:308)
        at org.apache.cxf.transport.ChainInitiationObserver.onMessage(ChainInitiationObserver.java:121)
        at org.apache.cxf.transport.http.AbstractHTTPDestination.invoke(AbstractHTTPDestination.java:267)
        at org.apache.cxf.transport.servlet.ServletController.invokeDestination(ServletController.java:234)
        at org.apache.cxf.transport.servlet.ServletController.invoke(ServletController.java:208)
        at org.apache.cxf.transport.servlet.ServletController.invoke(ServletController.java:160)
        at org.apache.cxf.transport.servlet.CXFNonSpringServlet.invoke(CXFNonSpringServlet.java:225)
        at org.apache.cxf.transport.servlet.AbstractHTTPServlet.handleRequest(AbstractHTTPServlet.java:301)
        at org.apache.cxf.transport.servlet.AbstractHTTPServlet.doGet(AbstractHTTPServlet.java:225)
        at javax.servlet.http.HttpServlet.service(HttpServlet.java:497)
        at org.apache.cxf.transport.servlet.AbstractHTTPServlet.service(AbstractHTTPServlet.java:276)
        at org.eclipse.jetty.servlet.ServletHolder.handle(ServletHolder.java:763)
        at org.eclipse.jetty.servlet.ServletHandler$CachedChain.doFilter(ServletHandler.java:1631)
        at org.eclipse.jetty.websocket.server.WebSocketUpgradeFilter.doFilter(WebSocketUpgradeFilter.java:226)
        at org.eclipse.jetty.servlet.ServletHandler$CachedChain.doFilter(ServletHandler.java:1618)
        at ch.qos.logback.classic.helpers.MDCInsertingServletFilter.doFilter(MDCInsertingServletFilter.java:49)
        at org.eclipse.jetty.servlet.ServletHandler$CachedChain.doFilter(ServletHandler.java:1618)
        at org.springframework.web.filter.RequestContextFilter.doFilterInternal(RequestContextFilter.java:100)
        at org.springframework.web.filter.OncePerRequestFilter.doFilter(OncePerRequestFilter.java:119)
        at org.eclipse.jetty.servlet.ServletHandler$CachedChain.doFilter(ServletHandler.java:1618)
        at org.springframework.web.filter.FormContentFilter.doFilterInternal(FormContentFilter.java:93)
        at org.springframework.web.filter.OncePerRequestFilter.doFilter(OncePerRequestFilter.java:119)
        at org.eclipse.jetty.servlet.ServletHandler$CachedChain.doFilter(ServletHandler.java:1618)
        at org.springframework.boot.actuate.metrics.web.servlet.WebMvcMetricsFilter.doFilterInternal(WebMvcMetricsFilter.java:109)
        at org.springframework.web.filter.OncePerRequestFilter.doFilter(OncePerRequestFilter.java:119)
        at org.eclipse.jetty.servlet.ServletHandler$CachedChain.doFilter(ServletHandler.java:1618)
        at org.springframework.web.filter.CharacterEncodingFilter.doFilterInternal(CharacterEncodingFilter.java:201)
        at org.springframework.web.filter.OncePerRequestFilter.doFilter(OncePerRequestFilter.java:119)
        at org.eclipse.jetty.servlet.ServletHandler$CachedChain.doFilter(ServletHandler.java:1618)
        at org.eclipse.jetty.servlet.ServletHandler.doHandle(ServletHandler.java:549)
        at org.eclipse.jetty.server.handler.ScopedHandler.handle(ScopedHandler.java:143)
        at org.eclipse.jetty.security.SecurityHandler.handle(SecurityHandler.java:602)
        at org.eclipse.jetty.server.handler.HandlerWrapper.handle(HandlerWrapper.java:127)
        at org.eclipse.jetty.server.handler.ScopedHandler.nextHandle(ScopedHandler.java:235)
        at org.eclipse.jetty.server.session.SessionHandler.doHandle(SessionHandler.java:1610)
        at org.eclipse.jetty.server.handler.ScopedHandler.nextHandle(ScopedHandler.java:233)
        at org.eclipse.jetty.server.handler.ContextHandler.doHandle(ContextHandler.java:1369)
        at org.eclipse.jetty.server.handler.ScopedHandler.nextScope(ScopedHandler.java:188)
        at org.eclipse.jetty.servlet.ServletHandler.doScope(ServletHandler.java:489)
        at org.eclipse.jetty.server.session.SessionHandler.doScope(SessionHandler.java:1580)
        at org.eclipse.jetty.server.handler.ScopedHandler.nextScope(ScopedHandler.java:186)
        at org.eclipse.jetty.server.handler.ContextHandler.doScope(ContextHandler.java:1284)
        at org.eclipse.jetty.server.handler.ScopedHandler.handle(ScopedHandler.java:141)
        at org.eclipse.jetty.server.handler.HandlerWrapper.handle(HandlerWrapper.java:127)
        at org.eclipse.jetty.server.Server.handle(Server.java:501)
        at org.eclipse.jetty.server.HttpChannel.lambda$handle$1(HttpChannel.java:383)
        at org.eclipse.jetty.server.HttpChannel.dispatch(HttpChannel.java:556)
        at org.eclipse.jetty.server.HttpChannel.handle(HttpChannel.java:375)
        at org.eclipse.jetty.server.HttpConnection.onFillable(HttpConnection.java:272)
        at org.eclipse.jetty.io.AbstractConnection$ReadCallback.succeeded(AbstractConnection.java:311)
        at org.eclipse.jetty.io.FillInterest.fillable(FillInterest.java:103)
        at org.eclipse.jetty.io.ChannelEndPoint$1.run(ChannelEndPoint.java:104)
        at org.eclipse.jetty.util.thread.strategy.EatWhatYouKill.runTask(EatWhatYouKill.java:336)
        at org.eclipse.jetty.util.thread.strategy.EatWhatYouKill.doProduce(EatWhatYouKill.java:313)
        at org.eclipse.jetty.util.thread.strategy.EatWhatYouKill.tryProduce(EatWhatYouKill.java:171)
        at org.eclipse.jetty.util.thread.strategy.EatWhatYouKill.run(EatWhatYouKill.java:129)
        at org.eclipse.jetty.util.thread.ReservedThreadExecutor$ReservedThread.run(ReservedThreadExecutor.java:375)
        at org.eclipse.jetty.util.thread.QueuedThreadPool.runJob(QueuedThreadPool.java:806)
        at org.eclipse.jetty.util.thread.QueuedThreadPool$Runner.run(QueuedThreadPool.java:938)
        at java.base/java.lang.Thread.run(Thread.java:834)
2020-08-19 18:01:30,622 [][3400][C411T15][1d317fef-9aa9-4e8b-b0fc-15a3efd5ce06][WARN] - MOCK: LPSIncidentReceiver_V2 mock is on, not actually calling service
2020-08-19 18:01:55,322 [][3400][C411T15][abf5862e-3367-4b08-898a-9488b631bb7b][ERROR] - Service threw exception
2020-08-19 18:01:55,323 [][3400][C411T15][abf5862e-3367-4b08-898a-9488b631bb7b][ERROR] - Service threw exception
java.lang.ArrayIndexOutOfBoundsException: Index 1 out of bounds for length 1
        at com.evry.fs.lending.wscommon.common.oidc.OIDCTokenHelper.stripSignatureFromToken(OIDCTokenHelper.java:76)
        at com.evry.fs.lending.wscommon.common.oidc.OIDCTokenHelper.parseOIDC(OIDCTokenHelper.java:51)
        at com.evry.fs.lending.wscommon.common.authentication.LendingWSCommonAuthenticator.authenticateWithRealSO(LendingWSCommonAuthenticator.java:108)
        at com.evry.fs.lending.wscommon.common.authentication.LendingWSCommonAuthenticator.authenticate(LendingWSCommonAuthenticator.java:69)
        at com.evry.fs.lending.wscommon.restesb.eam.LendingWSCommonRESTAuthenticationFilter.filter(LendingWSCommonRESTAuthenticationFilter.java:65)
        at org.apache.cxf.jaxrs.utils.JAXRSUtils.runContainerRequestFilters(JAXRSUtils.java:1739)
        at org.apache.cxf.jaxrs.interceptor.JAXRSInInterceptor.processRequest(JAXRSInInterceptor.java:205)
        at org.apache.cxf.jaxrs.interceptor.JAXRSInInterceptor.handleMessage(JAXRSInInterceptor.java:78)
        at org.apache.cxf.phase.PhaseInterceptorChain.doIntercept(PhaseInterceptorChain.java:308)
        at org.apache.cxf.transport.ChainInitiationObserver.onMessage(ChainInitiationObserver.java:121)
        at org.apache.cxf.transport.http.AbstractHTTPDestination.invoke(AbstractHTTPDestination.java:267)
        at org.apache.cxf.transport.servlet.ServletController.invokeDestination(ServletController.java:234)
        at org.apache.cxf.transport.servlet.ServletController.invoke(ServletController.java:208)
        at org.apache.cxf.transport.servlet.ServletController.invoke(ServletController.java:160)
        at org.apache.cxf.transport.servlet.CXFNonSpringServlet.invoke(CXFNonSpringServlet.java:225)
        at org.apache.cxf.transport.servlet.AbstractHTTPServlet.handleRequest(AbstractHTTPServlet.java:301)
        at org.apache.cxf.transport.servlet.AbstractHTTPServlet.doGet(AbstractHTTPServlet.java:225)
        at javax.servlet.http.HttpServlet.service(HttpServlet.java:497)
        at org.apache.cxf.transport.servlet.AbstractHTTPServlet.service(AbstractHTTPServlet.java:276)
        at org.eclipse.jetty.servlet.ServletHolder.handle(ServletHolder.java:763)
        at org.eclipse.jetty.servlet.ServletHandler$CachedChain.doFilter(ServletHandler.java:1631)
        at org.eclipse.jetty.websocket.server.WebSocketUpgradeFilter.doFilter(WebSocketUpgradeFilter.java:226)
        at org.eclipse.jetty.servlet.ServletHandler$CachedChain.doFilter(ServletHandler.java:1618)
        at ch.qos.logback.classic.helpers.MDCInsertingServletFilter.doFilter(MDCInsertingServletFilter.java:49)
        at org.eclipse.jetty.servlet.ServletHandler$CachedChain.doFilter(ServletHandler.java:1618)
        at org.springframework.web.filter.RequestContextFilter.doFilterInternal(RequestContextFilter.java:100)
        at org.springframework.web.filter.OncePerRequestFilter.doFilter(OncePerRequestFilter.java:119)
        at org.eclipse.jetty.servlet.ServletHandler$CachedChain.doFilter(ServletHandler.java:1618)
        at org.springframework.web.filter.FormContentFilter.doFilterInternal(FormContentFilter.java:93)
        at org.springframework.web.filter.OncePerRequestFilter.doFilter(OncePerRequestFilter.java:119)
        at org.eclipse.jetty.servlet.ServletHandler$CachedChain.doFilter(ServletHandler.java:1618)
        at org.springframework.boot.actuate.metrics.web.servlet.WebMvcMetricsFilter.doFilterInternal(WebMvcMetricsFilter.java:109)
        at org.springframework.web.filter.OncePerRequestFilter.doFilter(OncePerRequestFilter.java:119)
        at org.eclipse.jetty.servlet.ServletHandler$CachedChain.doFilter(ServletHandler.java:1618)
        at org.springframework.web.filter.CharacterEncodingFilter.doFilterInternal(CharacterEncodingFilter.java:201)
        at org.springframework.web.filter.OncePerRequestFilter.doFilter(OncePerRequestFilter.java:119)
        at org.eclipse.jetty.servlet.ServletHandler$CachedChain.doFilter(ServletHandler.java:1618)
        at org.eclipse.jetty.servlet.ServletHandler.doHandle(ServletHandler.java:549)
        at org.eclipse.jetty.server.handler.ScopedHandler.handle(ScopedHandler.java:143)
        at org.eclipse.jetty.security.SecurityHandler.handle(SecurityHandler.java:602)
        at org.eclipse.jetty.server.handler.HandlerWrapper.handle(HandlerWrapper.java:127)
        at org.eclipse.jetty.server.handler.ScopedHandler.nextHandle(ScopedHandler.java:235)
        at org.eclipse.jetty.server.session.SessionHandler.doHandle(SessionHandler.java:1610)
        at org.eclipse.jetty.server.handler.ScopedHandler.nextHandle(ScopedHandler.java:233)
        at org.eclipse.jetty.server.handler.ContextHandler.doHandle(ContextHandler.java:1369)
        at org.eclipse.jetty.server.handler.ScopedHandler.nextScope(ScopedHandler.java:188)
        at org.eclipse.jetty.servlet.ServletHandler.doScope(ServletHandler.java:489)
        at org.eclipse.jetty.server.session.SessionHandler.doScope(SessionHandler.java:1580)
        at org.eclipse.jetty.server.handler.ScopedHandler.nextScope(ScopedHandler.java:186)
        at org.eclipse.jetty.server.handler.ContextHandler.doScope(ContextHandler.java:1284)
        at org.eclipse.jetty.server.handler.ScopedHandler.handle(ScopedHandler.java:141)
        at org.eclipse.jetty.server.handler.HandlerWrapper.handle(HandlerWrapper.java:127)
        at org.eclipse.jetty.server.Server.handle(Server.java:501)
        at org.eclipse.jetty.server.HttpChannel.lambda$handle$1(HttpChannel.java:383)
        at org.eclipse.jetty.server.HttpChannel.dispatch(HttpChannel.java:556)
        at org.eclipse.jetty.server.HttpChannel.handle(HttpChannel.java:375)
        at org.eclipse.jetty.server.HttpConnection.onFillable(HttpConnection.java:272)
        at org.eclipse.jetty.io.AbstractConnection$ReadCallback.succeeded(AbstractConnection.java:311)
        at org.eclipse.jetty.io.FillInterest.fillable(FillInterest.java:103)
        at org.eclipse.jetty.io.ChannelEndPoint$1.run(ChannelEndPoint.java:104)
        at org.eclipse.jetty.util.thread.strategy.EatWhatYouKill.runTask(EatWhatYouKill.java:336)
        at org.eclipse.jetty.util.thread.strategy.EatWhatYouKill.doProduce(EatWhatYouKill.java:313)
        at org.eclipse.jetty.util.thread.strategy.EatWhatYouKill.tryProduce(EatWhatYouKill.java:171)
        at org.eclipse.jetty.util.thread.strategy.EatWhatYouKill.run(EatWhatYouKill.java:129)
        at org.eclipse.jetty.util.thread.ReservedThreadExecutor$ReservedThread.run(ReservedThreadExecutor.java:375)
        at org.eclipse.jetty.util.thread.QueuedThreadPool.runJob(QueuedThreadPool.java:806)
        at org.eclipse.jetty.util.thread.QueuedThreadPool$Runner.run(QueuedThreadPool.java:938)
        at java.base/java.lang.Thread.run(Thread.java:834)
2020-08-19 18:01:55,323 [][3400][C411T15][abf5862e-3367-4b08-898a-9488b631bb7b][ERROR] - Service threw exception
2020-08-19 18:01:55,323 [][3400][C411T15][abf5862e-3367-4b08-898a-9488b631bb7b][ERROR] - Service threw exception
java.lang.ArrayIndexOutOfBoundsException: Index 1 out of bounds for length 1
        at com.evry.fs.lending.wscommon.common.oidc.OIDCTokenHelper.stripSignatureFromToken(OIDCTokenHelper.java:76)
        at com.evry.fs.lending.wscommon.common.oidc.OIDCTokenHelper.parseOIDC(OIDCTokenHelper.java:51)
        at com.evry.fs.lending.wscommon.common.authentication.LendingWSCommonAuthenticator.authenticateWithRealSO(LendingWSCommonAuthenticator.java:108)
        at com.evry.fs.lending.wscommon.common.authentication.LendingWSCommonAuthenticator.authenticate(LendingWSCommonAuthenticator.java:69)
        at com.evry.fs.lending.wscommon.restesb.eam.LendingWSCommonRESTAuthenticationFilter.filter(LendingWSCommonRESTAuthenticationFilter.java:65)
        at org.apache.cxf.jaxrs.utils.JAXRSUtils.runContainerRequestFilters(JAXRSUtils.java:1739)
        at org.apache.cxf.jaxrs.interceptor.JAXRSInInterceptor.processRequest(JAXRSInInterceptor.java:205)
        at org.apache.cxf.jaxrs.interceptor.JAXRSInInterceptor.handleMessage(JAXRSInInterceptor.java:78)
        at org.apache.cxf.phase.PhaseInterceptorChain.doIntercept(PhaseInterceptorChain.java:308)
        at org.apache.cxf.transport.ChainInitiationObserver.onMessage(ChainInitiationObserver.java:121)
        at org.apache.cxf.transport.http.AbstractHTTPDestination.invoke(AbstractHTTPDestination.java:267)
        at org.apache.cxf.transport.servlet.ServletController.invokeDestination(ServletController.java:234)
        at org.apache.cxf.transport.servlet.ServletController.invoke(ServletController.java:208)
        at org.apache.cxf.transport.servlet.ServletController.invoke(ServletController.java:160)
        at org.apache.cxf.transport.servlet.CXFNonSpringServlet.invoke(CXFNonSpringServlet.java:225)
        at org.apache.cxf.transport.servlet.AbstractHTTPServlet.handleRequest(AbstractHTTPServlet.java:301)
        at org.apache.cxf.transport.servlet.AbstractHTTPServlet.doGet(AbstractHTTPServlet.java:225)
        at javax.servlet.http.HttpServlet.service(HttpServlet.java:497)
        at org.apache.cxf.transport.servlet.AbstractHTTPServlet.service(AbstractHTTPServlet.java:276)
        at org.eclipse.jetty.servlet.ServletHolder.handle(ServletHolder.java:763)
        at org.eclipse.jetty.servlet.ServletHandler$CachedChain.doFilter(ServletHandler.java:1631)
        at org.eclipse.jetty.websocket.server.WebSocketUpgradeFilter.doFilter(WebSocketUpgradeFilter.java:226)
        at org.eclipse.jetty.servlet.ServletHandler$CachedChain.doFilter(ServletHandler.java:1618)
        at ch.qos.logback.classic.helpers.MDCInsertingServletFilter.doFilter(MDCInsertingServletFilter.java:49)
        at org.eclipse.jetty.servlet.ServletHandler$CachedChain.doFilter(ServletHandler.java:1618)
        at org.springframework.web.filter.RequestContextFilter.doFilterInternal(RequestContextFilter.java:100)
        at org.springframework.web.filter.OncePerRequestFilter.doFilter(OncePerRequestFilter.java:119)
        at org.eclipse.jetty.servlet.ServletHandler$CachedChain.doFilter(ServletHandler.java:1618)
        at org.springframework.web.filter.FormContentFilter.doFilterInternal(FormContentFilter.java:93)
        at org.springframework.web.filter.OncePerRequestFilter.doFilter(OncePerRequestFilter.java:119)
        at org.eclipse.jetty.servlet.ServletHandler$CachedChain.doFilter(ServletHandler.java:1618)
        at org.springframework.boot.actuate.metrics.web.servlet.WebMvcMetricsFilter.doFilterInternal(WebMvcMetricsFilter.java:109)
        at org.springframework.web.filter.OncePerRequestFilter.doFilter(OncePerRequestFilter.java:119)
        at org.eclipse.jetty.servlet.ServletHandler$CachedChain.doFilter(ServletHandler.java:1618)
        at org.springframework.web.filter.CharacterEncodingFilter.doFilterInternal(CharacterEncodingFilter.java:201)
        at org.springframework.web.filter.OncePerRequestFilter.doFilter(OncePerRequestFilter.java:119)
        at org.eclipse.jetty.servlet.ServletHandler$CachedChain.doFilter(ServletHandler.java:1618)
        at org.eclipse.jetty.servlet.ServletHandler.doHandle(ServletHandler.java:549)
        at org.eclipse.jetty.server.handler.ScopedHandler.handle(ScopedHandler.java:143)
        at org.eclipse.jetty.security.SecurityHandler.handle(SecurityHandler.java:602)
        at org.eclipse.jetty.server.handler.HandlerWrapper.handle(HandlerWrapper.java:127)
        at org.eclipse.jetty.server.handler.ScopedHandler.nextHandle(ScopedHandler.java:235)
        at org.eclipse.jetty.server.session.SessionHandler.doHandle(SessionHandler.java:1610)
        at org.eclipse.jetty.server.handler.ScopedHandler.nextHandle(ScopedHandler.java:233)
        at org.eclipse.jetty.server.handler.ContextHandler.doHandle(ContextHandler.java:1369)
        at org.eclipse.jetty.server.handler.ScopedHandler.nextScope(ScopedHandler.java:188)
        at org.eclipse.jetty.servlet.ServletHandler.doScope(ServletHandler.java:489)
        at org.eclipse.jetty.server.session.SessionHandler.doScope(SessionHandler.java:1580)
        at org.eclipse.jetty.server.handler.ScopedHandler.nextScope(ScopedHandler.java:186)
        at org.eclipse.jetty.server.handler.ContextHandler.doScope(ContextHandler.java:1284)
        at org.eclipse.jetty.server.handler.ScopedHandler.handle(ScopedHandler.java:141)
        at org.eclipse.jetty.server.handler.HandlerWrapper.handle(HandlerWrapper.java:127)
        at org.eclipse.jetty.server.Server.handle(Server.java:501)
        at org.eclipse.jetty.server.HttpChannel.lambda$handle$1(HttpChannel.java:383)
        at org.eclipse.jetty.server.HttpChannel.dispatch(HttpChannel.java:556)
        at org.eclipse.jetty.server.HttpChannel.handle(HttpChannel.java:375)
        at org.eclipse.jetty.server.HttpConnection.onFillable(HttpConnection.java:272)
        at org.eclipse.jetty.io.AbstractConnection$ReadCallback.succeeded(AbstractConnection.java:311)
        at org.eclipse.jetty.io.FillInterest.fillable(FillInterest.java:103)
        at org.eclipse.jetty.io.ChannelEndPoint$1.run(ChannelEndPoint.java:104)
        at org.eclipse.jetty.util.thread.strategy.EatWhatYouKill.runTask(EatWhatYouKill.java:336)
        at org.eclipse.jetty.util.thread.strategy.EatWhatYouKill.doProduce(EatWhatYouKill.java:313)
        at org.eclipse.jetty.util.thread.strategy.EatWhatYouKill.tryProduce(EatWhatYouKill.java:171)
        at org.eclipse.jetty.util.thread.strategy.EatWhatYouKill.run(EatWhatYouKill.java:129)
        at org.eclipse.jetty.util.thread.ReservedThreadExecutor$ReservedThread.run(ReservedThreadExecutor.java:375)
        at org.eclipse.jetty.util.thread.QueuedThreadPool.runJob(QueuedThreadPool.java:806)
        at org.eclipse.jetty.util.thread.QueuedThreadPool$Runner.run(QueuedThreadPool.java:938)
        at java.base/java.lang.Thread.run(Thread.java:834)